<?xml version="1.0" encoding="utf-8"?><testsuites name="pytest tests"><testsuite name="pytest" errors="0" failures="0" skipped="11" tests="100" time="1.257" timestamp="2026-07-12T11:39:58.299859+00:00" hostname="agent-env-50399007-1c3b-4937-93d1-2773619c1dad"><testcase classname="tests.test_apply_transcript_edits" name="test_identity_empty_edits" time="0.000" /><testcase classname="tests.test_apply_transcript_edits" name="test_word_edit_flat_text" time="0.000" /><testcase classname="tests.test_apply_transcript_edits" name="test_word_edit_segment_text" time="0.000" /><testcase classname="tests.test_apply_transcript_edits" name="test_word_edit_timing" time="0.000" /><testcase classname="tests.test_apply_transcript_edits" name="test_merge_extends_word_end" time="0.000" /><testcase classname="tests.test_apply_transcript_edits" name="test_line_split_changes_grouping" time="0.000" /><testcase classname="tests.test_apply_transcript_edits" name="test_merge_with_split_combined" time="0.000" /><testcase classname="tests.test_apply_transcript_edits" name="test_out_of_range_ref_no_crash" time="0.000" /><testcase classname="tests.test_apply_transcript_edits" name="test_group_words_basic_no_splits" time="0.000" /><testcase classname="tests.test_apply_transcript_edits" name="test_9_16_manual_crop_condition" time="0.000" /><testcase classname="tests.test_ass_escape" name="test_escape_helper_backslash_becomes_double_backslash" time="0.000" /><testcase classname="tests.test_ass_escape" name="test_escape_helper_open_brace" time="0.000" /><testcase classname="tests.test_ass_escape" name="test_escape_helper_close_brace_alone" time="0.000" /><testcase classname="tests.test_ass_escape" name="test_escape_helper_newlines" time="0.000" /><testcase classname="tests.test_ass_escape" name="test_escape_helper_empty_and_plain" time="0.000" /><testcase classname="tests.test_ass_escape" name="test_word_with_open_brace_does_not_open_override" time="0.000" /><testcase classname="tests.test_ass_escape" name="test_word_with_close_brace_stays_intact" time="0.000" /><testcase classname="tests.test_ass_escape" name="test_word_with_backslash_stays_intact" time="0.000" /><testcase classname="tests.test_ass_escape" name="test_word_with_newline_gets_hard_break" time="0.000" /><testcase classname="tests.test_ass_escape" name="test_override_tags_we_emit_are_not_double_escaped" time="0.000" /><testcase classname="tests.test_ass_escape" name="test_realistic_transcript_string_survives" time="0.000" /><testcase classname="tests.test_bg_color_validation" name="test_valid_hex_triples_accepted[#000000]" time="0.000" /><testcase classname="tests.test_bg_color_validation" name="test_valid_hex_triples_accepted[#FFFFFF]" time="0.000" /><testcase classname="tests.test_bg_color_validation" name="test_valid_hex_triples_accepted[#7c3aed]" time="0.000" /><testcase classname="tests.test_bg_color_validation" name="test_valid_hex_triples_accepted[#7C3AED]" time="0.000" /><testcase classname="tests.test_bg_color_validation" name="test_valid_hex_triples_accepted[#Ff00Aa]" time="0.000" /><testcase classname="tests.test_bg_color_validation" name="test_valid_hex_triples_accepted[#123456]" time="0.000" /><testcase classname="tests.test_bg_color_validation" name="test_invalid_bg_color_raises_validation_error[000000]" time="0.000" /><testcase classname="tests.test_bg_color_validation" name="test_invalid_bg_color_raises_validation_error[#00000]" time="0.000" /><testcase classname="tests.test_bg_color_validation" name="test_invalid_bg_color_raises_validation_error[#0000000]" time="0.000" /><testcase classname="tests.test_bg_color_validation" name="test_invalid_bg_color_raises_validation_error[#GGGGGG]" time="0.000" /><testcase classname="tests.test_bg_color_validation" name="test_invalid_bg_color_raises_validation_error[#7c3ae]" time="0.000" /><testcase classname="tests.test_bg_color_validation" name="test_invalid_bg_color_raises_validation_error[black]" time="0.000" /><testcase classname="tests.test_bg_color_validation" name="test_invalid_bg_color_raises_validation_error[]" time="0.000" /><testcase classname="tests.test_bg_color_validation" name="test_invalid_bg_color_raises_validation_error[#7c3aed ]" time="0.000" /><testcase classname="tests.test_bg_color_validation" name="test_invalid_bg_color_raises_validation_error[ #7c3aed]" time="0.000" /><testcase classname="tests.test_bg_color_validation" name="test_invalid_bg_color_raises_validation_error[black:c=x,anullsrc]" time="0.000" /><testcase classname="tests.test_bg_color_validation" name="test_invalid_bg_color_raises_validation_error[#7c3aed:c=x,foo]" time="0.000" /><testcase classname="tests.test_bg_color_validation" name="test_invalid_bg_color_raises_validation_error[#7c3aed,black]" time="0.000" /><testcase classname="tests.test_bg_color_validation" name="test_invalid_bg_color_raises_validation_error[0x7c3aed]" time="0.000" /><testcase classname="tests.test_bg_color_validation" name="test_default_bg_color_is_valid" time="0.000" /><testcase classname="tests.test_bg_color_validation" name="test_worker_applies_0x_prefix_to_color_background" time="0.086" /><testcase classname="tests.test_bg_color_validation" name="test_worker_black_and_white_backgrounds_unchanged" time="0.001" /><testcase classname="tests.test_caption_positioning" name="test_every_event_carries_an5_pos_prefix_even_untouched" time="0.000" /><testcase classname="tests.test_caption_positioning" name="test_style_alignment_is_5_center_anchor" time="0.000" /><testcase classname="tests.test_caption_positioning" name="test_untouched_caption_matches_frontend_default_anchor" time="0.000" /><testcase classname="tests.test_caption_positioning" name="test_frontend_default_matches_useappstore_and_renders_contract" time="0.000" /><testcase classname="tests.test_caption_positioning" name="test_untouched_default_uses_render_resolution_pixels_on_1_1_and_16_9" time="0.000" /><testcase classname="tests.test_caption_positioning" name="test_partial_caption_x_or_y_falls_back_to_default_axis" time="0.000" /><testcase classname="tests.test_caption_positioning" name="test_none_and_both_none_are_byte_identical" time="0.000" /><testcase classname="tests.test_caption_positioning" name="test_positioned_prefixes_every_event_with_an5_pos" time="0.000" /><testcase classname="tests.test_caption_positioning" name="test_positioned_uses_render_resolution_pixels_non_9_16" time="0.000" /><testcase classname="tests.test_caption_positioning" name="test_positioned_center_anchor_matches_preview_intent" time="0.000" /><testcase classname="tests.test_caption_shaping" name="test_burn_captions_uses_ass_filter_not_subtitles" time="0.000" /><testcase classname="tests.test_caption_shaping" name="test_caption_fonts_bundled_and_resolvable" time="0.000" /><testcase classname="tests.test_caption_shaping" name="test_caption_font_sizes_are_calibrated" time="0.000" /><testcase classname="tests.test_caption_shaping" name="test_telugu_vattu_shapes_correctly_via_real_burn_path[Noto Sans Telugu]" time="0.000"><skipped type="pytest.skip" message="libass not built with libraqm — Telugu below-base shaping check cannot run (Debian stock; production Docker image ships libraqm)">/app/tests/test_caption_shaping.py:220: libass not built with libraqm — Telugu below-base shaping check cannot run (Debian stock; production Docker image ships libraqm)</skipped></testcase><testcase classname="tests.test_caption_shaping" name="test_telugu_vattu_shapes_correctly_via_real_burn_path[Ramabhadra]" time="0.000"><skipped type="pytest.skip" message="libass not built with libraqm — Telugu below-base shaping check cannot run (Debian stock; production Docker image ships libraqm)">/app/tests/test_caption_shaping.py:220: libass not built with libraqm — Telugu below-base shaping check cannot run (Debian stock; production Docker image ships libraqm)</skipped></testcase><testcase classname="tests.test_caption_shaping" name="test_telugu_vattu_shapes_correctly_via_real_burn_path[Mandali]" time="0.000"><skipped type="pytest.skip" message="libass not built with libraqm — Telugu below-base shaping check cannot run (Debian stock; production Docker image ships libraqm)">/app/tests/test_caption_shaping.py:220: libass not built with libraqm — Telugu below-base shaping check cannot run (Debian stock; production Docker image ships libraqm)</skipped></testcase><testcase classname="tests.test_caption_shaping" name="test_caption_burn_pipeline_end_to_end_ass_fontsdir_smoke" time="0.000"><skipped type="pytest.skip" message="ffmpeg not on PATH">/app/tests/test_caption_shaping.py:240: ffmpeg not on PATH</skipped></testcase><testcase classname="tests.test_caption_shaping" name="test_typewriter_spoken_words_render_opaque" time="0.000"><skipped type="pytest.skip" message="ffmpeg not on PATH">/app/tests/test_caption_shaping.py:306: ffmpeg not on PATH</skipped></testcase><testcase classname="tests.test_caption_size_pill" name="test_omitted_font_size_matches_preset_default" time="0.000" /><testcase classname="tests.test_caption_size_pill" name="test_font_size_frac_changes_the_style_font_size" time="0.000" /><testcase classname="tests.test_caption_size_pill" name="test_font_size_scales_with_video_height_not_width" time="0.000" /><testcase classname="tests.test_caption_size_pill" name="test_font_size_frac_clamped_to_minimum_visible_pixels" time="0.000" /><testcase classname="tests.test_caption_size_pill" name="test_pill_none_leaves_style_backcolour_at_preset_value" time="0.000" /><testcase classname="tests.test_caption_size_pill" name="test_pill_disabled_is_the_same_as_pill_none" time="0.000" /><testcase classname="tests.test_caption_size_pill" name="test_pill_enabled_overrides_backcolour_and_border_style" time="0.000" /><testcase classname="tests.test_caption_size_pill" name="test_pill_opacity_maps_to_ass_alpha_correctly" time="0.000" /><testcase classname="tests.test_caption_size_pill" name="test_pill_malformed_color_falls_back_safely" time="0.000" /><testcase classname="tests.test_caption_size_pill" name="test_ass_reflects_a_changed_edit_document" time="0.000" /><testcase classname="tests.test_download_path_traversal" name="test_legit_clip_inside_outputs_downloads_200" time="1.019" /><testcase classname="tests.test_download_path_traversal" name="test_dotdot_traversal_is_403" time="0.003" /><testcase classname="tests.test_download_path_traversal" name="test_absolute_path_escape_is_403" time="0.002" /><testcase classname="tests.test_download_path_traversal" name="test_wellknown_secret_target_is_403" time="0.006" /><testcase classname="tests.test_download_path_traversal" name="test_symlink_escape_from_inside_outputs_is_403" time="0.003" /><testcase classname="tests.test_download_path_traversal" name="test_missing_file_inside_outputs_is_404_not_403" time="0.002" /><testcase classname="tests.test_download_path_traversal" name="test_invalid_path_string_is_400" time="0.002" /><testcase classname="tests.test_get_duration" name="test_returns_float_for_valid_ffprobe_output" time="0.000" /><testcase classname="tests.test_get_duration" name="test_returns_none_when_ffprobe_binary_missing" time="0.000" /><testcase classname="tests.test_get_duration" name="test_returns_none_when_ffprobe_times_out" time="0.000" /><testcase classname="tests.test_get_duration" name="test_returns_none_on_unparseable_stdout" time="0.000" /><testcase classname="tests.test_get_duration" name="test_no_bare_except_left_in_source" time="0.001" /><testcase classname="tests.test_get_duration" name="test_ffprobe_call_has_bounded_timeout" time="0.000" /><testcase classname="tests.test_overlay_renderer" name="test_to_pixel_center_is_a_simple_fraction_of_dimensions" time="0.000" /><testcase classname="tests.test_overlay_renderer" name="test_to_pixel_size_scales_independently_per_aspect" time="0.000" /><testcase classname="tests.test_overlay_renderer" name="test_center_to_topleft_offsets_by_half_dimensions" time="0.000" /><testcase classname="tests.test_overlay_renderer" name="test_no_elements_is_a_pure_noop" time="0.000" /><testcase classname="tests.test_overlay_renderer" name="test_each_element_type_invisible_is_a_pure_noop" time="0.000" /><testcase classname="tests.test_overlay_renderer" name="test_unknown_element_type_is_a_pure_noop" time="0.000" /><testcase classname="tests.test_overlay_renderer" name="test_progress_bar_fill_width_matches_elapsed_time" time="0.000"><skipped type="pytest.skip" message="ffmpeg not on PATH">/app/tests/test_overlay_renderer.py:103: ffmpeg not on PATH</skipped></testcase><testcase classname="tests.test_overlay_renderer" name="test_all_frontend_sticker_choices_have_a_bundled_asset" time="0.000" /><testcase classname="tests.test_overlay_renderer" name="test_unknown_sticker_emoji_is_skipped_not_a_crash" time="0.000"><skipped type="pytest.skip" message="ffmpeg not on PATH">/app/tests/test_overlay_renderer.py:170: ffmpeg not on PATH</skipped></testcase><testcase classname="tests.test_overlay_renderer" name="test_sticker_persists_for_the_whole_clip_not_just_one_frame" time="0.000"><skipped type="pytest.skip" message="ffmpeg not on PATH">/app/tests/test_overlay_renderer.py:188: ffmpeg not on PATH</skipped></testcase><testcase classname="tests.test_overlay_renderer" name="test_progress_bar_and_stickers_together_stay_in_sync_and_in_bounds" time="0.000"><skipped type="pytest.skip" message="ffmpeg not on PATH">/app/tests/test_overlay_renderer.py:247: ffmpeg not on PATH</skipped></testcase><testcase classname="tests.test_overlay_renderer" name="test_logo_renders_gradient_circle_and_persists_for_the_whole_clip" time="0.000"><skipped type="pytest.skip" message="ffmpeg not on PATH">/app/tests/test_overlay_renderer.py:302: ffmpeg not on PATH</skipped></testcase><testcase classname="tests.test_overlay_renderer" name="test_logo_uses_bundled_manrope_font" time="0.000" /><testcase classname="tests.test_overlay_renderer" name="test_headline_uses_bundled_outfit_font" time="0.000" /><testcase classname="tests.test_overlay_renderer" name="test_headline_renders_colored_text_and_persists_for_the_whole_clip" time="0.000"><skipped type="pytest.skip" message="ffmpeg not on PATH">/app/tests/test_overlay_renderer.py:367: ffmpeg not on PATH</skipped></testcase><testcase classname="tests.test_overlay_renderer" name="test_headline_uppercase_transform_matches_css_text_transform" time="0.000" /></testsuite></testsuites>